Using pre-set license
Built from '2021.1/staging' branch; Version is '2021.1.7f1 (d91830b65d9b) revision 14227504'; Using compiler version '192528614'; Build Type 'Release'
OS: 'Windows 10 Pro; OS build 19041.1052; Version 2004; 64bit' Language: 'en' Physical Memory: 16322 MB
BatchMode: 1, IsHumanControllingUs: 0, StartBugReporterOnCrash: 0, Is64bit: 1, IsPro: 0

 COMMAND LINE ARGUMENTS:
C:\Program Files\Unity\Hub\Editor\2021.1.7f1\Editor\Unity.exe
-adb2
-batchMode
-noUpm
-name
AssetImportWorker0
-projectPath
G:/Projects/SpaceLoner
-logFile
Logs/AssetImportWorker0.log
-srvPort
59560
Successfully changed project path to: G:/Projects/SpaceLoner
G:/Projects/SpaceLoner
Using Asset Import Pipeline V2.
Refreshing native plugins compatible for Editor in 44.61 ms, found 0 plugins.
Preloading 0 native plugins for Editor in 0.00 ms.
Initialize engine version: 2021.1.7f1 (d91830b65d9b)
[Subsystems] Discovering subsystems at path C:/Program Files/Unity/Hub/Editor/2021.1.7f1/Editor/Data/Resources/UnitySubsystems
[Subsystems] Discovering subsystems at path G:/Projects/SpaceLoner/Assets
GfxDevice: creating device client; threaded=0; jobified=0
Direct3D:
    Version:  Direct3D 11.0 [level 11.1]
    Renderer: NVIDIA GeForce GTX 1080 Ti (ID=0x1b06)
    Vendor:   NVIDIA
    VRAM:     11127 MB
    Driver:   27.21.14.6079
Shader 'Universal Render Pipeline/Particles/Lit': fallback shader 'Universal Render Pipeline/Particles/SimpleLit' not found
Initialize mono
Mono path[0] = 'C:/Program Files/Unity/Hub/Editor/2021.1.7f1/Editor/Data/Managed'
Mono path[1] = 'C:/Program Files/Unity/Hub/Editor/2021.1.7f1/Editor/Data/MonoBleedingEdge/lib/mono/unityjit'
Mono config path = 'C:/Program Files/Unity/Hub/Editor/2021.1.7f1/Editor/Data/MonoBleedingEdge/etc'
Using monoOptions --debugger-agent=transport=dt_socket,embedding=1,server=y,suspend=n,address=127.0.0.1:56688
Begin MonoManager ReloadAssembly
Registering precompiled unity dll's ...
Register platform support module: C:/Program Files/Unity/Hub/Editor/2021.1.7f1/Editor/Data/PlaybackEngines/WindowsStandaloneSupport/UnityEditor.WindowsStandalone.Extensions.dll
Registered in 0.131536 seconds.
Native extension for WindowsStandalone target not found
Refreshing native plugins compatible for Editor in 40.95 ms, found 0 plugins.
Preloading 0 native plugins for Editor in 0.00 ms.
Mono: successfully reloaded assembly
- Completed reload, in  2.254 seconds
Platform modules already initialized, skipping
Registering precompiled user dll's ...
Registered in 0.307640 seconds.
Begin MonoManager ReloadAssembly
Native extension for WindowsStandalone target not found
Refreshing native plugins compatible for Editor in 35.71 ms, found 0 plugins.
Preloading 0 native plugins for Editor in 0.00 ms.
Mono: successfully reloaded assembly
- Completed reload, in  1.466 seconds
Platform modules already initialized, skipping
========================================================================
Worker process is ready to serve import requests
Shader 'Universal Render Pipeline/Particles/Lit': fallback shader 'Universal Render Pipeline/Particles/SimpleLit' not found
Launched and connected shader compiler UnityShaderCompiler.exe after 0.06 seconds
Refreshing native plugins compatible for Editor in 0.38 ms, found 0 plugins.
Preloading 0 native plugins for Editor in 0.00 ms.
Unloading 2840 Unused Serialized files (Serialized files now loaded: 0)
System memory in use before: 143.8 MB.
System memory in use after: 144.0 MB.

Unloading 13 unused Assets to reduce memory usage. Loaded Objects now: 3341.
Total: 16.294600 ms (FindLiveObjects: 0.185300 ms CreateObjectMapping: 0.126600 ms MarkObjects: 15.921900 ms  DeleteObjects: 0.059600 ms)

========================================================================
Received Import Request.
  path: Assets/Scripts/Companions/Companion_A.cs
  artifactKey: Guid(bc62c7cbe1dd8214b9c600841f18e214) Importer(815301076,1909f56bfc062723c751e8b465ee728b)
Start importing Assets/Scripts/Companions/Companion_A.cs using Guid(bc62c7cbe1dd8214b9c600841f18e214) Importer(815301076,1909f56bfc062723c751e8b465ee728b)  -> (artifact id: 'd1addfa831640215295bd681b325c892') in 0.047194 seconds 
========================================================================
Received Prepare
Registering precompiled user dll's ...
Registered in 0.003703 seconds.
Begin MonoManager ReloadAssembly
Native extension for WindowsStandalone target not found
Refreshing native plugins compatible for Editor in 0.43 ms, found 0 plugins.
Preloading 0 native plugins for Editor in 0.00 ms.
Mono: successfully reloaded assembly
- Completed reload, in  1.193 seconds
Platform modules already initialized, skipping
Shader 'Universal Render Pipeline/Particles/Lit': fallback shader 'Universal Render Pipeline/Particles/SimpleLit' not found
Refreshing native plugins compatible for Editor in 0.40 ms, found 0 plugins.
Preloading 0 native plugins for Editor in 0.00 ms.
Unloading 2710 Unused Serialized files (Serialized files now loaded: 0)
System memory in use before: 148.7 MB.
System memory in use after: 149.0 MB.

Unloading 11 unused Assets to reduce memory usage. Loaded Objects now: 3341.
Total: 16.248900 ms (FindLiveObjects: 0.173900 ms CreateObjectMapping: 0.110500 ms MarkObjects: 15.947500 ms  DeleteObjects: 0.015700 ms)

========================================================================
Received Prepare
Registering precompiled user dll's ...
Registered in 0.003864 seconds.
Begin MonoManager ReloadAssembly
Native extension for WindowsStandalone target not found
Refreshing native plugins compatible for Editor in 0.39 ms, found 0 plugins.
Preloading 0 native plugins for Editor in 0.00 ms.
Mono: successfully reloaded assembly
- Completed reload, in  1.235 seconds
Platform modules already initialized, skipping
Shader 'Universal Render Pipeline/Particles/Lit': fallback shader 'Universal Render Pipeline/Particles/SimpleLit' not found
Refreshing native plugins compatible for Editor in 0.40 ms, found 0 plugins.
Preloading 0 native plugins for Editor in 0.00 ms.
Unloading 2710 Unused Serialized files (Serialized files now loaded: 0)
System memory in use before: 148.8 MB.
System memory in use after: 149.0 MB.

Unloading 11 unused Assets to reduce memory usage. Loaded Objects now: 3341.
Total: 17.402900 ms (FindLiveObjects: 0.210300 ms CreateObjectMapping: 0.155600 ms MarkObjects: 17.016300 ms  DeleteObjects: 0.017900 ms)

========================================================================
Received Import Request.
  Time since last request: 4597.249761 seconds.
  path: Assets/Scripts/Scriptables/Interfaces/Spawner.cs
  artifactKey: Guid(a5fd0cf702a8a8f4e9c70e71756e4e96) Importer(815301076,1909f56bfc062723c751e8b465ee728b)
Start importing Assets/Scripts/Scriptables/Interfaces/Spawner.cs using Guid(a5fd0cf702a8a8f4e9c70e71756e4e96) Importer(815301076,1909f56bfc062723c751e8b465ee728b)  -> (artifact id: '2437f5b919d245ab04c0c12b5fe9694a') in 0.011047 seconds 
========================================================================
Received Prepare
Registering precompiled user dll's ...
Registered in 0.003220 seconds.
Begin MonoManager ReloadAssembly
Native extension for WindowsStandalone target not found
Refreshing native plugins compatible for Editor in 0.47 ms, found 0 plugins.
Preloading 0 native plugins for Editor in 0.00 ms.
Mono: successfully reloaded assembly
- Completed reload, in  1.223 seconds
Platform modules already initialized, skipping
Shader 'Universal Render Pipeline/Particles/Lit': fallback shader 'Universal Render Pipeline/Particles/SimpleLit' not found
Refreshing native plugins compatible for Editor in 0.39 ms, found 0 plugins.
Preloading 0 native plugins for Editor in 0.00 ms.
Unloading 2710 Unused Serialized files (Serialized files now loaded: 0)
System memory in use before: 148.8 MB.
System memory in use after: 149.0 MB.

Unloading 11 unused Assets to reduce memory usage. Loaded Objects now: 3341.
Total: 16.647000 ms (FindLiveObjects: 0.179600 ms CreateObjectMapping: 0.119700 ms MarkObjects: 16.329700 ms  DeleteObjects: 0.017000 ms)

========================================================================
Received Import Request.
  Time since last request: 11.603024 seconds.
  path: Assets/Scripts/Scriptables/Interfaces/SpawnerScriptable.cs
  artifactKey: Guid(a5fd0cf702a8a8f4e9c70e71756e4e96) Importer(815301076,1909f56bfc062723c751e8b465ee728b)
Start importing Assets/Scripts/Scriptables/Interfaces/SpawnerScriptable.cs using Guid(a5fd0cf702a8a8f4e9c70e71756e4e96) Importer(815301076,1909f56bfc062723c751e8b465ee728b)  -> (artifact id: '2151c505f9e7d7b4b8dd379842be4bfd') in 0.009180 seconds 
========================================================================
Received Prepare
Registering precompiled user dll's ...
Registered in 0.004014 seconds.
Begin MonoManager ReloadAssembly
Native extension for WindowsStandalone target not found
Refreshing native plugins compatible for Editor in 0.40 ms, found 0 plugins.
Preloading 0 native plugins for Editor in 0.00 ms.
Mono: successfully reloaded assembly
- Completed reload, in  1.215 seconds
Platform modules already initialized, skipping
Shader 'Universal Render Pipeline/Particles/Lit': fallback shader 'Universal Render Pipeline/Particles/SimpleLit' not found
Refreshing native plugins compatible for Editor in 0.40 ms, found 0 plugins.
Preloading 0 native plugins for Editor in 0.00 ms.
Unloading 2710 Unused Serialized files (Serialized files now loaded: 0)
System memory in use before: 148.8 MB.
System memory in use after: 149.0 MB.

Unloading 11 unused Assets to reduce memory usage. Loaded Objects now: 3341.
Total: 16.869200 ms (FindLiveObjects: 0.182000 ms CreateObjectMapping: 0.110800 ms MarkObjects: 16.545800 ms  DeleteObjects: 0.029300 ms)

========================================================================
Received Prepare
Registering precompiled user dll's ...
Registered in 0.003340 seconds.
Begin MonoManager ReloadAssembly
Native extension for WindowsStandalone target not found
Refreshing native plugins compatible for Editor in 0.41 ms, found 0 plugins.
Preloading 0 native plugins for Editor in 0.00 ms.
Mono: successfully reloaded assembly
- Completed reload, in  1.212 seconds
Platform modules already initialized, skipping
Shader 'Universal Render Pipeline/Particles/Lit': fallback shader 'Universal Render Pipeline/Particles/SimpleLit' not found
Refreshing native plugins compatible for Editor in 0.38 ms, found 0 plugins.
Preloading 0 native plugins for Editor in 0.00 ms.
Unloading 2710 Unused Serialized files (Serialized files now loaded: 0)
System memory in use before: 148.8 MB.
System memory in use after: 149.1 MB.

Unloading 11 unused Assets to reduce memory usage. Loaded Objects now: 3341.
Total: 18.116700 ms (FindLiveObjects: 0.188400 ms CreateObjectMapping: 0.116300 ms MarkObjects: 17.795100 ms  DeleteObjects: 0.016000 ms)

========================================================================
Received Import Request.
  Time since last request: 84.191691 seconds.
  path: Assets/Scripts/Scriptables/Interfaces/SpawnerScriptable.cs
  artifactKey: Guid(a5fd0cf702a8a8f4e9c70e71756e4e96) Importer(815301076,1909f56bfc062723c751e8b465ee728b)
Start importing Assets/Scripts/Scriptables/Interfaces/SpawnerScriptable.cs using Guid(a5fd0cf702a8a8f4e9c70e71756e4e96) Importer(815301076,1909f56bfc062723c751e8b465ee728b)  -> (artifact id: '82526cf7757f230dec0368fd947a1b23') in 0.005733 seconds 
========================================================================
Received Import Request.
  Time since last request: 0.118253 seconds.
  path: Assets/Scripts/Enemies/Spawner/SunflowerSpawner.cs
  artifactKey: Guid(80fa2ac92417a85468fe86d23bdc258f) Importer(815301076,1909f56bfc062723c751e8b465ee728b)
Start importing Assets/Scripts/Enemies/Spawner/SunflowerSpawner.cs using Guid(80fa2ac92417a85468fe86d23bdc258f) Importer(815301076,1909f56bfc062723c751e8b465ee728b)  -> (artifact id: 'e0251797cce453784192aca7f2b337d6') in 0.005592 seconds 
========================================================================
Received Import Request.
  Time since last request: 17.404496 seconds.
  path: Assets/Scripts/Scriptables/Spawners
  artifactKey: Guid(6f09d259893228e40a647b3931ab28fa) Importer(815301076,1909f56bfc062723c751e8b465ee728b)
Start importing Assets/Scripts/Scriptables/Spawners using Guid(6f09d259893228e40a647b3931ab28fa) Importer(815301076,1909f56bfc062723c751e8b465ee728b)  -> (artifact id: '6847c62958bc0b3f69d5559ae2257310') in 0.005779 seconds 
========================================================================
Received Import Request.
  Time since last request: 16.796948 seconds.
  path: Assets/Scripts/Scriptables/Spawners/Sunflower.asset
  artifactKey: Guid(dabc4a56689562a48991029d0ada4e09) Importer(815301076,1909f56bfc062723c751e8b465ee728b)
Start importing Assets/Scripts/Scriptables/Spawners/Sunflower.asset using Guid(dabc4a56689562a48991029d0ada4e09) Importer(815301076,1909f56bfc062723c751e8b465ee728b)  -> (artifact id: '98b0c8c8c6f670bdef94318f7d989327') in 0.057107 seconds 
========================================================================
Received Import Request.
  Time since last request: 5.445327 seconds.
  path: Assets/Scripts/Scriptables/Spawners/Galaxy.asset
  artifactKey: Guid(b44f71c469e633b41bbd79819f520a41) Importer(815301076,1909f56bfc062723c751e8b465ee728b)
Start importing Assets/Scripts/Scriptables/Spawners/Galaxy.asset using Guid(b44f71c469e633b41bbd79819f520a41) Importer(815301076,1909f56bfc062723c751e8b465ee728b)  -> (artifact id: 'f0427f191b6f6368802937aa73e9817c') in 0.005646 seconds 
========================================================================
Received Import Request.
  Time since last request: 5.149116 seconds.
  path: Assets/Scripts/Scriptables/Spawners/Sunflower.asset
  artifactKey: Guid(dabc4a56689562a48991029d0ada4e09) Importer(815301076,1909f56bfc062723c751e8b465ee728b)
Start importing Assets/Scripts/Scriptables/Spawners/Sunflower.asset using Guid(dabc4a56689562a48991029d0ada4e09) Importer(815301076,1909f56bfc062723c751e8b465ee728b)  -> (artifact id: 'ef479b2559078a4946189647626d5ea9') in 0.002192 seconds 
========================================================================
Received Prepare
Registering precompiled user dll's ...
Registered in 0.003296 seconds.
Begin MonoManager ReloadAssembly
Native extension for WindowsStandalone target not found
Refreshing native plugins compatible for Editor in 0.39 ms, found 0 plugins.
Preloading 0 native plugins for Editor in 0.00 ms.
Mono: successfully reloaded assembly
- Completed reload, in  1.284 seconds
Platform modules already initialized, skipping
Shader 'Universal Render Pipeline/Particles/Lit': fallback shader 'Universal Render Pipeline/Particles/SimpleLit' not found
Refreshing native plugins compatible for Editor in 0.39 ms, found 0 plugins.
Preloading 0 native plugins for Editor in 0.00 ms.
Unloading 2710 Unused Serialized files (Serialized files now loaded: 0)
System memory in use before: 148.8 MB.
System memory in use after: 149.1 MB.

Unloading 11 unused Assets to reduce memory usage. Loaded Objects now: 3341.
Total: 18.970100 ms (FindLiveObjects: 0.248600 ms CreateObjectMapping: 0.176400 ms MarkObjects: 18.523700 ms  DeleteObjects: 0.019500 ms)

========================================================================
Received Prepare
Registering precompiled user dll's ...
Registered in 0.003622 seconds.
Begin MonoManager ReloadAssembly
Native extension for WindowsStandalone target not found
Refreshing native plugins compatible for Editor in 0.39 ms, found 0 plugins.
Preloading 0 native plugins for Editor in 0.00 ms.
Mono: successfully reloaded assembly
- Completed reload, in  1.227 seconds
Platform modules already initialized, skipping
Shader 'Universal Render Pipeline/Particles/Lit': fallback shader 'Universal Render Pipeline/Particles/SimpleLit' not found
Refreshing native plugins compatible for Editor in 0.39 ms, found 0 plugins.
Preloading 0 native plugins for Editor in 0.00 ms.
Unloading 2710 Unused Serialized files (Serialized files now loaded: 0)
System memory in use before: 148.8 MB.
System memory in use after: 149.1 MB.

Unloading 11 unused Assets to reduce memory usage. Loaded Objects now: 3341.
Total: 17.057200 ms (FindLiveObjects: 0.180600 ms CreateObjectMapping: 0.115500 ms MarkObjects: 16.741300 ms  DeleteObjects: 0.018400 ms)

========================================================================
Received Import Request.
  Time since last request: 106.276197 seconds.
  path: Assets/Scripts/Scriptables/Spawners/Galaxy.asset
  artifactKey: Guid(b44f71c469e633b41bbd79819f520a41) Importer(815301076,1909f56bfc062723c751e8b465ee728b)
Start importing Assets/Scripts/Scriptables/Spawners/Galaxy.asset using Guid(b44f71c469e633b41bbd79819f520a41) Importer(815301076,1909f56bfc062723c751e8b465ee728b)  -> (artifact id: '0880616362892b7d98354bdb4e33654b') in 0.023513 seconds 
========================================================================
Received Prepare
Registering precompiled user dll's ...
Registered in 0.003419 seconds.
Begin MonoManager ReloadAssembly
Native extension for WindowsStandalone target not found
Refreshing native plugins compatible for Editor in 0.39 ms, found 0 plugins.
Preloading 0 native plugins for Editor in 0.00 ms.
Mono: successfully reloaded assembly
- Completed reload, in  1.212 seconds
Platform modules already initialized, skipping
Shader 'Universal Render Pipeline/Particles/Lit': fallback shader 'Universal Render Pipeline/Particles/SimpleLit' not found
Refreshing native plugins compatible for Editor in 0.39 ms, found 0 plugins.
Preloading 0 native plugins for Editor in 0.00 ms.
Unloading 2710 Unused Serialized files (Serialized files now loaded: 0)
System memory in use before: 148.9 MB.
System memory in use after: 149.1 MB.

Unloading 11 unused Assets to reduce memory usage. Loaded Objects now: 3341.
Total: 17.126000 ms (FindLiveObjects: 0.187200 ms CreateObjectMapping: 0.126300 ms MarkObjects: 16.789500 ms  DeleteObjects: 0.021300 ms)

========================================================================
Received Import Request.
  Time since last request: 146.605353 seconds.
  path: Assets/Scripts/Scriptables/Spawners/Sun.asset
  artifactKey: Guid(dabc4a56689562a48991029d0ada4e09) Importer(815301076,1909f56bfc062723c751e8b465ee728b)
Start importing Assets/Scripts/Scriptables/Spawners/Sun.asset using Guid(dabc4a56689562a48991029d0ada4e09) Importer(815301076,1909f56bfc062723c751e8b465ee728b)  -> (artifact id: 'a7a733af63599565c8ebe422ec328d83') in 0.020605 seconds 
========================================================================
Received Import Request.
  Time since last request: 5.186591 seconds.
  path: Assets/Scripts/Scriptables/Spawners/SunFlower.asset
  artifactKey: Guid(87737878d73dfb34e9f5124704705a2f) Importer(815301076,1909f56bfc062723c751e8b465ee728b)
Start importing Assets/Scripts/Scriptables/Spawners/SunFlower.asset using Guid(87737878d73dfb34e9f5124704705a2f) Importer(815301076,1909f56bfc062723c751e8b465ee728b)  -> (artifact id: 'bb263c72393d677ec84f43f205734e41') in 0.005742 seconds 
========================================================================
Received Import Request.
  Time since last request: 12.343991 seconds.
  path: Assets/Scripts/Scriptables/Spawners/SunFlower.asset
  artifactKey: Guid(87737878d73dfb34e9f5124704705a2f) Importer(815301076,1909f56bfc062723c751e8b465ee728b)
Start importing Assets/Scripts/Scriptables/Spawners/SunFlower.asset using Guid(87737878d73dfb34e9f5124704705a2f) Importer(815301076,1909f56bfc062723c751e8b465ee728b)  -> (artifact id: '7c6702b8e16837a179ee9e2b70ab00e9') in 0.001860 seconds 
========================================================================
Received Prepare
Registering precompiled user dll's ...
Registered in 0.003304 seconds.
Begin MonoManager ReloadAssembly
Native extension for WindowsStandalone target not found
Refreshing native plugins compatible for Editor in 0.45 ms, found 0 plugins.
Preloading 0 native plugins for Editor in 0.00 ms.
Mono: successfully reloaded assembly
- Completed reload, in  1.213 seconds
Platform modules already initialized, skipping
Shader 'Universal Render Pipeline/Particles/Lit': fallback shader 'Universal Render Pipeline/Particles/SimpleLit' not found
Refreshing native plugins compatible for Editor in 0.46 ms, found 0 plugins.
Preloading 0 native plugins for Editor in 0.00 ms.
Unloading 2710 Unused Serialized files (Serialized files now loaded: 0)
System memory in use before: 148.9 MB.
System memory in use after: 149.1 MB.

Unloading 11 unused Assets to reduce memory usage. Loaded Objects now: 3341.
Total: 16.565100 ms (FindLiveObjects: 0.180600 ms CreateObjectMapping: 0.123200 ms MarkObjects: 16.243300 ms  DeleteObjects: 0.016900 ms)

========================================================================
Received Import Request.
  Time since last request: 269.722710 seconds.
  path: Assets/Scripts/Scriptables/Spawners/SunFlower.asset
  artifactKey: Guid(87737878d73dfb34e9f5124704705a2f) Importer(815301076,1909f56bfc062723c751e8b465ee728b)
Start importing Assets/Scripts/Scriptables/Spawners/SunFlower.asset using Guid(87737878d73dfb34e9f5124704705a2f) Importer(815301076,1909f56bfc062723c751e8b465ee728b)  -> (artifact id: '24a73add92ae5fa0feef4acc2c9e2b17') in 0.018928 seconds 
========================================================================
Received Prepare
Registering precompiled user dll's ...
Registered in 0.004361 seconds.
Begin MonoManager ReloadAssembly
Native extension for WindowsStandalone target not found
Refreshing native plugins compatible for Editor in 0.40 ms, found 0 plugins.
Preloading 0 native plugins for Editor in 0.00 ms.
Mono: successfully reloaded assembly
- Completed reload, in  1.215 seconds
Platform modules already initialized, skipping
Shader 'Universal Render Pipeline/Particles/Lit': fallback shader 'Universal Render Pipeline/Particles/SimpleLit' not found
Refreshing native plugins compatible for Editor in 0.39 ms, found 0 plugins.
Preloading 0 native plugins for Editor in 0.00 ms.
Unloading 2710 Unused Serialized files (Serialized files now loaded: 0)
System memory in use before: 148.9 MB.
System memory in use after: 149.1 MB.

Unloading 11 unused Assets to reduce memory usage. Loaded Objects now: 3341.
Total: 17.066400 ms (FindLiveObjects: 0.214400 ms CreateObjectMapping: 0.115300 ms MarkObjects: 16.716500 ms  DeleteObjects: 0.018900 ms)

========================================================================
Received Prepare
Registering precompiled user dll's ...
Registered in 0.003276 seconds.
Begin MonoManager ReloadAssembly
Native extension for WindowsStandalone target not found
Refreshing native plugins compatible for Editor in 0.61 ms, found 0 plugins.
Preloading 0 native plugins for Editor in 0.00 ms.
Mono: successfully reloaded assembly
- Completed reload, in  1.220 seconds
Platform modules already initialized, skipping
Shader 'Universal Render Pipeline/Particles/Lit': fallback shader 'Universal Render Pipeline/Particles/SimpleLit' not found
Refreshing native plugins compatible for Editor in 0.39 ms, found 0 plugins.
Preloading 0 native plugins for Editor in 0.00 ms.
Unloading 2710 Unused Serialized files (Serialized files now loaded: 0)
System memory in use before: 148.9 MB.
System memory in use after: 149.1 MB.

Unloading 11 unused Assets to reduce memory usage. Loaded Objects now: 3341.
Total: 17.122200 ms (FindLiveObjects: 0.183000 ms CreateObjectMapping: 0.126300 ms MarkObjects: 16.794500 ms  DeleteObjects: 0.017100 ms)

========================================================================
Received Prepare
Registering precompiled user dll's ...
Registered in 0.003706 seconds.
Begin MonoManager ReloadAssembly
Native extension for WindowsStandalone target not found
Refreshing native plugins compatible for Editor in 0.39 ms, found 0 plugins.
Preloading 0 native plugins for Editor in 0.00 ms.
Mono: successfully reloaded assembly
- Completed reload, in  1.203 seconds
Platform modules already initialized, skipping
Shader 'Universal Render Pipeline/Particles/Lit': fallback shader 'Universal Render Pipeline/Particles/SimpleLit' not found
Refreshing native plugins compatible for Editor in 0.38 ms, found 0 plugins.
Preloading 0 native plugins for Editor in 0.00 ms.
Unloading 2710 Unused Serialized files (Serialized files now loaded: 0)
System memory in use before: 148.9 MB.
System memory in use after: 149.1 MB.

Unloading 11 unused Assets to reduce memory usage. Loaded Objects now: 3341.
Total: 16.483400 ms (FindLiveObjects: 0.194800 ms CreateObjectMapping: 0.125700 ms MarkObjects: 16.147000 ms  DeleteObjects: 0.014800 ms)

========================================================================
Received Prepare
Registering precompiled user dll's ...
Registered in 0.003225 seconds.
Begin MonoManager ReloadAssembly
Native extension for WindowsStandalone target not found
Refreshing native plugins compatible for Editor in 0.38 ms, found 0 plugins.
Preloading 0 native plugins for Editor in 0.00 ms.
Mono: successfully reloaded assembly
- Completed reload, in  1.238 seconds
Platform modules already initialized, skipping
Shader 'Universal Render Pipeline/Particles/Lit': fallback shader 'Universal Render Pipeline/Particles/SimpleLit' not found
Refreshing native plugins compatible for Editor in 0.44 ms, found 0 plugins.
Preloading 0 native plugins for Editor in 0.00 ms.
Unloading 2710 Unused Serialized files (Serialized files now loaded: 0)
System memory in use before: 148.9 MB.
System memory in use after: 149.1 MB.

Unloading 11 unused Assets to reduce memory usage. Loaded Objects now: 3341.
Total: 16.953400 ms (FindLiveObjects: 0.186300 ms CreateObjectMapping: 0.122000 ms MarkObjects: 16.622600 ms  DeleteObjects: 0.021200 ms)

========================================================================
Received Prepare
Registering precompiled user dll's ...
Registered in 0.003738 seconds.
Begin MonoManager ReloadAssembly
Native extension for WindowsStandalone target not found
Refreshing native plugins compatible for Editor in 0.39 ms, found 0 plugins.
Preloading 0 native plugins for Editor in 0.00 ms.
Mono: successfully reloaded assembly
- Completed reload, in  1.196 seconds
Platform modules already initialized, skipping
Shader 'Universal Render Pipeline/Particles/Lit': fallback shader 'Universal Render Pipeline/Particles/SimpleLit' not found
Refreshing native plugins compatible for Editor in 0.39 ms, found 0 plugins.
Preloading 0 native plugins for Editor in 0.00 ms.
Unloading 2710 Unused Serialized files (Serialized files now loaded: 0)
System memory in use before: 148.9 MB.
System memory in use after: 149.1 MB.

Unloading 11 unused Assets to reduce memory usage. Loaded Objects now: 3341.
Total: 17.621400 ms (FindLiveObjects: 0.205800 ms CreateObjectMapping: 0.164100 ms MarkObjects: 17.234000 ms  DeleteObjects: 0.016600 ms)

========================================================================
Received Prepare
Registering precompiled user dll's ...
Registered in 0.003521 seconds.
Begin MonoManager ReloadAssembly
Native extension for WindowsStandalone target not found
Refreshing native plugins compatible for Editor in 0.40 ms, found 0 plugins.
Preloading 0 native plugins for Editor in 0.00 ms.
Mono: successfully reloaded assembly
- Completed reload, in  1.244 seconds
Platform modules already initialized, skipping
Shader 'Universal Render Pipeline/Particles/Lit': fallback shader 'Universal Render Pipeline/Particles/SimpleLit' not found
Refreshing native plugins compatible for Editor in 0.39 ms, found 0 plugins.
Preloading 0 native plugins for Editor in 0.00 ms.
Unloading 2710 Unused Serialized files (Serialized files now loaded: 0)
System memory in use before: 148.9 MB.
System memory in use after: 149.1 MB.

Unloading 11 unused Assets to reduce memory usage. Loaded Objects now: 3341.
Total: 17.829300 ms (FindLiveObjects: 0.193800 ms CreateObjectMapping: 0.127500 ms MarkObjects: 17.491500 ms  DeleteObjects: 0.015600 ms)

========================================================================
Received Prepare
Registering precompiled user dll's ...
Registered in 0.004258 seconds.
Begin MonoManager ReloadAssembly
Native extension for WindowsStandalone target not found
Refreshing native plugins compatible for Editor in 0.38 ms, found 0 plugins.
Preloading 0 native plugins for Editor in 0.00 ms.
Mono: successfully reloaded assembly
- Completed reload, in  1.222 seconds
Platform modules already initialized, skipping
Shader 'Universal Render Pipeline/Particles/Lit': fallback shader 'Universal Render Pipeline/Particles/SimpleLit' not found
Refreshing native plugins compatible for Editor in 0.39 ms, found 0 plugins.
Preloading 0 native plugins for Editor in 0.00 ms.
Unloading 2710 Unused Serialized files (Serialized files now loaded: 0)
System memory in use before: 148.9 MB.
System memory in use after: 149.1 MB.

Unloading 11 unused Assets to reduce memory usage. Loaded Objects now: 3341.
Total: 16.935000 ms (FindLiveObjects: 0.180400 ms CreateObjectMapping: 0.123700 ms MarkObjects: 16.612600 ms  DeleteObjects: 0.017200 ms)

========================================================================
Received Prepare
Registering precompiled user dll's ...
Registered in 0.003296 seconds.
Begin MonoManager ReloadAssembly
Native extension for WindowsStandalone target not found
Refreshing native plugins compatible for Editor in 0.40 ms, found 0 plugins.
Preloading 0 native plugins for Editor in 0.00 ms.
Mono: successfully reloaded assembly
- Completed reload, in  1.219 seconds
Platform modules already initialized, skipping
Shader 'Universal Render Pipeline/Particles/Lit': fallback shader 'Universal Render Pipeline/Particles/SimpleLit' not found
Refreshing native plugins compatible for Editor in 0.39 ms, found 0 plugins.
Preloading 0 native plugins for Editor in 0.00 ms.
Unloading 2710 Unused Serialized files (Serialized files now loaded: 0)
System memory in use before: 148.9 MB.
System memory in use after: 149.1 MB.

Unloading 11 unused Assets to reduce memory usage. Loaded Objects now: 3341.
Total: 17.098700 ms (FindLiveObjects: 0.282800 ms CreateObjectMapping: 0.183000 ms MarkObjects: 16.614400 ms  DeleteObjects: 0.016900 ms)

========================================================================
Received Prepare
Registering precompiled user dll's ...
Registered in 0.004080 seconds.
Begin MonoManager ReloadAssembly
Native extension for WindowsStandalone target not found
Refreshing native plugins compatible for Editor in 0.39 ms, found 0 plugins.
Preloading 0 native plugins for Editor in 0.00 ms.
Mono: successfully reloaded assembly
- Completed reload, in  1.205 seconds
Platform modules already initialized, skipping
Shader 'Universal Render Pipeline/Particles/Lit': fallback shader 'Universal Render Pipeline/Particles/SimpleLit' not found
Refreshing native plugins compatible for Editor in 0.70 ms, found 0 plugins.
Preloading 0 native plugins for Editor in 0.00 ms.
Unloading 2710 Unused Serialized files (Serialized files now loaded: 0)
System memory in use before: 148.9 MB.
System memory in use after: 149.1 MB.

Unloading 11 unused Assets to reduce memory usage. Loaded Objects now: 3341.
Total: 17.786400 ms (FindLiveObjects: 0.218100 ms CreateObjectMapping: 0.142800 ms MarkObjects: 17.406900 ms  DeleteObjects: 0.017400 ms)

========================================================================
Received Prepare
Registering precompiled user dll's ...
Registered in 0.003443 seconds.
Begin MonoManager ReloadAssembly
Native extension for WindowsStandalone target not found
Refreshing native plugins compatible for Editor in 0.47 ms, found 0 plugins.
Preloading 0 native plugins for Editor in 0.00 ms.
Mono: successfully reloaded assembly
- Completed reload, in  1.192 seconds
Platform modules already initialized, skipping
Shader 'Universal Render Pipeline/Particles/Lit': fallback shader 'Universal Render Pipeline/Particles/SimpleLit' not found
Refreshing native plugins compatible for Editor in 0.39 ms, found 0 plugins.
Preloading 0 native plugins for Editor in 0.00 ms.
Unloading 2710 Unused Serialized files (Serialized files now loaded: 0)
System memory in use before: 148.9 MB.
System memory in use after: 149.1 MB.

Unloading 11 unused Assets to reduce memory usage. Loaded Objects now: 3341.
Total: 16.809400 ms (FindLiveObjects: 0.188600 ms CreateObjectMapping: 0.123700 ms MarkObjects: 16.479800 ms  DeleteObjects: 0.016200 ms)

